Assignment5/Intermediate/Android/x64/gradle/downloader_library/build/intermediates/manifest_merge_blame_file/debug/manifest-merger-blame-debug-report.txt
1<?xml version="1.0" encoding="utf-8"?>
2<manifest xmlns:android="http://schemas.android.com/apk/res/android"
3    package="com.android.vending.expansion.downloader"
4    android:versionCode="2"
5    android:versionName="1.1" >
6
7    <uses-sdk android:minSdkVersion="4" />
7-->src/main/AndroidManifest.xml
8
9</manifest>